Kết nối thất bại. Vui lòng kiểm tra log server.[2025-09-05 09:54:53] Start cancel_expired_deposits (expire=30m)
[2025-09-05 09:54:53] Canceled pending deposits: 0
[2025-09-05 09:54:53] Pending deposits remaining: 0
[2025-09-05 09:54:53] Done
[2025-09-05 10:09:53] Start cancel_expired_deposits (expire=30m)
[2025-09-05 10:09:53] Canceled pending deposits: 0
[2025-09-05 10:09:53] Pending deposits remaining: 0
[2025-09-05 10:09:53] Done
Kết nối thất bại. Vui lòng kiểm tra log server.Kết nối thất bại. Vui lòng kiểm tra log server.[2025-09-05 10:39:53] Start cancel_expired_deposits (expire=30m)
[2025-09-05 10:39:53] Canceled pending deposits: 0
[2025-09-05 10:39:53] Pending deposits remaining: 0
[2025-09-05 10:39:53] Done
[2025-09-05 10:56:11] Start cancel_expired_deposits (expire=30m)
[2025-09-05 10:56:11] Canceled pending deposits: 0
[2025-09-05 10:56:11] Pending deposits remaining: 0
[2025-09-05 10:56:11] Done
[2025-09-05 11:09:53] Start cancel_expired_deposits (expire=30m)
[2025-09-05 11:09:53] Canceled pending deposits: 0
[2025-09-05 11:09:53] Pending deposits remaining: 0
[2025-09-05 11:09:53] Done
[2025-09-05 11:24:53] Start cancel_expired_deposits (expire=30m)
[2025-09-05 11:24:53] Canceled pending deposits: 0
[2025-09-05 11:24:53] Pending deposits remaining: 0
[2025-09-05 11:24:53] Done
[2025-09-05 11:39:53] Start cancel_expired_deposits (expire=30m)
[2025-09-05 11:39:53] Canceled pending deposits: 0
[2025-09-05 11:39:53] Pending deposits remaining: 0
[2025-09-05 11:39:53] Done
[2025-09-05 11:54:53] Start cancel_expired_deposits (expire=30m)
[2025-09-05 11:54:53] Canceled pending deposits: 0
[2025-09-05 11:54:53] Pending deposits remaining: 0
[2025-09-05 11:54:53] Done
[2025-09-05 12:09:53] Start cancel_expired_deposits (expire=30m)
[2025-09-05 12:09:53] Canceled pending deposits: 0
[2025-09-05 12:09:53] Pending deposits remaining: 0
[2025-09-05 12:09:53] Done
[2025-09-05 12:24:53] Start cancel_expired_deposits (expire=30m)
[2025-09-05 12:24:53] Canceled pending deposits: 0
[2025-09-05 12:24:53] Pending deposits remaining: 0
[2025-09-05 12:24:53] Done
[2025-09-05 12:39:53] Start cancel_expired_deposits (expire=30m)
[2025-09-05 12:39:53] Canceled pending deposits: 0
[2025-09-05 12:39:53] Pending deposits remaining: 0
[2025-09-05 12:39:53] Done
[2025-09-05 12:58:51] Start cancel_expired_deposits (expire=30m)
[2025-09-05 12:58:51] Canceled pending deposits: 0
[2025-09-05 12:58:51] Pending deposits remaining: 0
[2025-09-05 12:58:51] Done
[2025-09-05 13:09:53] Start cancel_expired_deposits (expire=30m)
[2025-09-05 13:09:53] Canceled pending deposits: 0
[2025-09-05 13:09:53] Pending deposits remaining: 0
[2025-09-05 13:09:53] Done
[2025-09-05 13:24:53] Start cancel_expired_deposits (expire=30m)
[2025-09-05 13:24:53] Canceled pending deposits: 0
[2025-09-05 13:24:53] Pending deposits remaining: 0
[2025-09-05 13:24:53] Done
[2025-09-05 13:39:53] Start cancel_expired_deposits (expire=30m)
[2025-09-05 13:39:53] Canceled pending deposits: 0
[2025-09-05 13:39:53] Pending deposits remaining: 0
[2025-09-05 13:39:53] Done
[2025-09-05 16:55:03] Start cancel_expired_deposits (expire=30m)
[2025-09-05 16:55:03] Canceled pending deposits: 0
[2025-09-05 16:55:03] Pending deposits remaining: 0
[2025-09-05 16:55:03] Done
