Kết nối thất bại. Vui lòng kiểm tra log server.[2025-09-06 09:54:53] Start cancel_expired_deposits (expire=30m)
[2025-09-06 09:54:53] Canceled pending deposits: 0
[2025-09-06 09:54:53] Pending deposits remaining: 0
[2025-09-06 09:54:53] Done
[2025-09-06 10:09:53] Start cancel_expired_deposits (expire=30m)
[2025-09-06 10:09:53] Canceled pending deposits: 0
[2025-09-06 10:09:53] Pending deposits remaining: 0
[2025-09-06 10:09:53] Done
[2025-09-06 10:24:53] Start cancel_expired_deposits (expire=30m)
[2025-09-06 10:24:53] Canceled pending deposits: 0
[2025-09-06 10:24:53] Pending deposits remaining: 0
[2025-09-06 10:24:53] Done
[2025-09-06 10:39:53] Start cancel_expired_deposits (expire=30m)
[2025-09-06 10:39:53] Canceled pending deposits: 0
[2025-09-06 10:39:53] Pending deposits remaining: 0
[2025-09-06 10:39:53] Done
[2025-09-06 10:54:53] Start cancel_expired_deposits (expire=30m)
[2025-09-06 10:54:53] Canceled pending deposits: 0
[2025-09-06 10:54:53] Pending deposits remaining: 0
[2025-09-06 10:54:53] Done
[2025-09-06 11:09:53] Start cancel_expired_deposits (expire=30m)
[2025-09-06 11:09:53] Canceled pending deposits: 0
[2025-09-06 11:09:53] Pending deposits remaining: 0
[2025-09-06 11:09:53] Done
[2025-09-06 11:24:53] Start cancel_expired_deposits (expire=30m)
[2025-09-06 11:24:53] Canceled pending deposits: 0
[2025-09-06 11:24:53] Pending deposits remaining: 0
[2025-09-06 11:24:53] Done
[2025-09-06 11:39:53] Start cancel_expired_deposits (expire=30m)
[2025-09-06 11:39:53] Canceled pending deposits: 0
[2025-09-06 11:39:53] Pending deposits remaining: 0
[2025-09-06 11:39:53] Done
[2025-09-06 11:54:53] Start cancel_expired_deposits (expire=30m)
[2025-09-06 11:54:53] Canceled pending deposits: 0
[2025-09-06 11:54:53] Pending deposits remaining: 0
[2025-09-06 11:54:53] Done
[2025-09-06 12:09:53] Start cancel_expired_deposits (expire=30m)
[2025-09-06 12:09:53] Canceled pending deposits: 0
[2025-09-06 12:09:53] Pending deposits remaining: 0
[2025-09-06 12:09:53] Done
[2025-09-06 12:24:53] Start cancel_expired_deposits (expire=30m)
[2025-09-06 12:24:53] Canceled pending deposits: 0
[2025-09-06 12:24:53] Pending deposits remaining: 0
[2025-09-06 12:24:53] Done
[2025-09-06 12:54:48] Start cancel_expired_deposits (expire=30m)
[2025-09-06 12:54:48] Canceled pending deposits: 0
[2025-09-06 12:54:48] Pending deposits remaining: 0
[2025-09-06 12:54:48] Done
[2025-09-06 12:54:53] Start cancel_expired_deposits (expire=30m)
[2025-09-06 12:54:53] Canceled pending deposits: 0
[2025-09-06 12:54:53] Pending deposits remaining: 0
[2025-09-06 12:54:53] Done
[2025-09-06 13:09:53] Start cancel_expired_deposits (expire=30m)
[2025-09-06 13:09:53] Canceled pending deposits: 0
[2025-09-06 13:09:53] Pending deposits remaining: 0
[2025-09-06 13:09:53] Done
[2025-09-06 13:24:53] Start cancel_expired_deposits (expire=30m)
[2025-09-06 13:24:53] Canceled pending deposits: 0
[2025-09-06 13:24:53] Pending deposits remaining: 0
[2025-09-06 13:24:53] Done
[2025-09-06 13:39:53] Start cancel_expired_deposits (expire=30m)
[2025-09-06 13:39:53] Canceled pending deposits: 0
[2025-09-06 13:39:53] Pending deposits remaining: 0
[2025-09-06 13:39:53] Done
[2025-09-06 13:54:53] Start cancel_expired_deposits (expire=30m)
[2025-09-06 13:54:53] Canceled pending deposits: 0
[2025-09-06 13:54:53] Pending deposits remaining: 0
[2025-09-06 13:54:53] Done
[2025-09-06 14:29:21] Start cancel_expired_deposits (expire=30m)
[2025-09-06 14:29:21] Canceled pending deposits: 0
[2025-09-06 14:29:21] Pending deposits remaining: 0
[2025-09-06 14:29:21] Done
[2025-09-06 14:39:53] Start cancel_expired_deposits (expire=30m)
[2025-09-06 14:39:53] Canceled pending deposits: 0
[2025-09-06 14:39:53] Pending deposits remaining: 0
[2025-09-06 14:39:53] Done
[2025-09-06 14:54:53] Start cancel_expired_deposits (expire=30m)
[2025-09-06 14:54:53] Canceled pending deposits: 0
[2025-09-06 14:54:53] Pending deposits remaining: 0
[2025-09-06 14:54:53] Done
[2025-09-06 17:19:25] Start cancel_expired_deposits (expire=30m)
[2025-09-06 17:19:25] Canceled pending deposits: 0
[2025-09-06 17:19:25] Pending deposits remaining: 0
[2025-09-06 17:19:25] Done
[2025-09-06 17:24:53] Start cancel_expired_deposits (expire=30m)
[2025-09-06 17:24:53] Canceled pending deposits: 0
[2025-09-06 17:24:53] Pending deposits remaining: 0
[2025-09-06 17:24:53] Done
[2025-09-06 17:39:53] Start cancel_expired_deposits (expire=30m)
[2025-09-06 17:39:53] Canceled pending deposits: 0
[2025-09-06 17:39:53] Pending deposits remaining: 0
[2025-09-06 17:39:53] Done
[2025-09-06 17:54:53] Start cancel_expired_deposits (expire=30m)
[2025-09-06 17:54:53] Canceled pending deposits: 0
[2025-09-06 17:54:53] Pending deposits remaining: 0
[2025-09-06 17:54:53] Done
[2025-09-06 18:09:53] Start cancel_expired_deposits (expire=30m)
[2025-09-06 18:09:53] Canceled pending deposits: 0
[2025-09-06 18:09:53] Pending deposits remaining: 0
[2025-09-06 18:09:53] Done
[2025-09-06 18:24:53] Start cancel_expired_deposits (expire=30m)
[2025-09-06 18:24:53] Canceled pending deposits: 0
[2025-09-06 18:24:53] Pending deposits remaining: 0
[2025-09-06 18:24:53] Done
[2025-09-06 18:39:53] Start cancel_expired_deposits (expire=30m)
[2025-09-06 18:39:53] Canceled pending deposits: 0
[2025-09-06 18:39:53] Pending deposits remaining: 0
[2025-09-06 18:39:53] Done
[2025-09-06 18:54:53] Start cancel_expired_deposits (expire=30m)
[2025-09-06 18:54:53] Canceled pending deposits: 0
[2025-09-06 18:54:53] Pending deposits remaining: 0
[2025-09-06 18:54:53] Done
[2025-09-06 19:09:53] Start cancel_expired_deposits (expire=30m)
[2025-09-06 19:09:53] Canceled pending deposits: 0
[2025-09-06 19:09:53] Pending deposits remaining: 0
[2025-09-06 19:09:53] Done
[2025-09-06 19:24:53] Start cancel_expired_deposits (expire=30m)
[2025-09-06 19:24:53] Canceled pending deposits: 0
[2025-09-06 19:24:53] Pending deposits remaining: 0
[2025-09-06 19:24:53] Done
[2025-09-06 19:39:53] Start cancel_expired_deposits (expire=30m)
[2025-09-06 19:39:53] Canceled pending deposits: 0
[2025-09-06 19:39:53] Pending deposits remaining: 0
[2025-09-06 19:39:53] Done
[2025-09-06 21:25:12] Start cancel_expired_deposits (expire=30m)
[2025-09-06 21:25:12] Canceled pending deposits: 0
[2025-09-06 21:25:12] Pending deposits remaining: 0
[2025-09-06 21:25:12] Done
[2025-09-06 21:39:53] Start cancel_expired_deposits (expire=30m)
[2025-09-06 21:39:53] Canceled pending deposits: 0
[2025-09-06 21:39:53] Pending deposits remaining: 0
[2025-09-06 21:39:53] Done
[2025-09-06 21:54:53] Start cancel_expired_deposits (expire=30m)
[2025-09-06 21:54:53] Canceled pending deposits: 0
[2025-09-06 21:54:53] Pending deposits remaining: 0
[2025-09-06 21:54:53] Done
[2025-09-06 22:09:53] Start cancel_expired_deposits (expire=30m)
[2025-09-06 22:09:53] Canceled pending deposits: 0
[2025-09-06 22:09:53] Pending deposits remaining: 0
[2025-09-06 22:09:53] Done
[2025-09-06 22:24:53] Start cancel_expired_deposits (expire=30m)
[2025-09-06 22:24:53] Canceled pending deposits: 0
[2025-09-06 22:24:53] Pending deposits remaining: 0
[2025-09-06 22:24:53] Done
[2025-09-06 22:39:53] Start cancel_expired_deposits (expire=30m)
[2025-09-06 22:39:53] Canceled pending deposits: 0
[2025-09-06 22:39:53] Pending deposits remaining: 0
[2025-09-06 22:39:53] Done
[2025-09-06 22:54:53] Start cancel_expired_deposits (expire=30m)
[2025-09-06 22:54:53] Canceled pending deposits: 0
[2025-09-06 22:54:53] Pending deposits remaining: 0
[2025-09-06 22:54:53] Done
