Kết nối thất bại. Vui lòng kiểm tra log server.[2025-09-10 11:39:53] Start cancel_expired_deposits (expire=30m)
[2025-09-10 11:39:53] Canceled pending deposits: 0
[2025-09-10 11:39:53] Pending deposits remaining: 0
[2025-09-10 11:39:53] Done
[2025-09-10 11:54:53] Start cancel_expired_deposits (expire=30m)
[2025-09-10 11:54:53] Canceled pending deposits: 0
[2025-09-10 11:54:53] Pending deposits remaining: 0
[2025-09-10 11:54:53] Done
[2025-09-10 12:09:53] Start cancel_expired_deposits (expire=30m)
[2025-09-10 12:09:53] Canceled pending deposits: 0
[2025-09-10 12:09:53] Pending deposits remaining: 0
[2025-09-10 12:09:53] Done
[2025-09-10 12:40:59] Start cancel_expired_deposits (expire=30m)
[2025-09-10 12:40:59] Canceled pending deposits: 0
[2025-09-10 12:40:59] Pending deposits remaining: 0
[2025-09-10 12:40:59] Done
[2025-09-10 16:29:32] Start cancel_expired_deposits (expire=30m)
[2025-09-10 16:29:32] Canceled pending deposits: 0
[2025-09-10 16:29:32] Pending deposits remaining: 0
[2025-09-10 16:29:32] Done
[2025-09-10 16:39:53] Start cancel_expired_deposits (expire=30m)
[2025-09-10 16:39:53] Canceled pending deposits: 0
[2025-09-10 16:39:53] Pending deposits remaining: 0
[2025-09-10 16:39:53] Done
[2025-09-10 16:44:30] Start cancel_expired_deposits (expire=30m)
[2025-09-10 16:44:30] Canceled pending deposits: 0
[2025-09-10 16:44:30] Pending deposits remaining: 0
[2025-09-10 16:44:30] Done
[2025-09-10 16:54:53] Start cancel_expired_deposits (expire=30m)
[2025-09-10 16:54:53] Canceled pending deposits: 0
[2025-09-10 16:54:53] Pending deposits remaining: 0
[2025-09-10 16:54:53] Done
[2025-09-10 16:59:30] Start cancel_expired_deposits (expire=30m)
[2025-09-10 16:59:30] Canceled pending deposits: 0
[2025-09-10 16:59:30] Pending deposits remaining: 0
[2025-09-10 16:59:30] Done
[2025-09-10 17:09:53] Start cancel_expired_deposits (expire=30m)
[2025-09-10 17:09:53] Canceled pending deposits: 0
[2025-09-10 17:09:53] Pending deposits remaining: 0
[2025-09-10 17:09:53] Done
[2025-09-10 17:14:30] Start cancel_expired_deposits (expire=30m)
[2025-09-10 17:14:30] Canceled pending deposits: 0
[2025-09-10 17:14:30] Pending deposits remaining: 0
[2025-09-10 17:14:30] Done
[2025-09-10 17:24:53] Start cancel_expired_deposits (expire=30m)
[2025-09-10 17:24:53] Canceled pending deposits: 0
[2025-09-10 17:24:53] Pending deposits remaining: 0
[2025-09-10 17:24:53] Done
[2025-09-10 17:29:30] Start cancel_expired_deposits (expire=30m)
[2025-09-10 17:29:30] Canceled pending deposits: 0
[2025-09-10 17:29:30] Pending deposits remaining: 0
[2025-09-10 17:29:30] Done
[2025-09-10 17:39:53] Start cancel_expired_deposits (expire=30m)
[2025-09-10 17:39:53] Canceled pending deposits: 0
[2025-09-10 17:39:53] Pending deposits remaining: 0
[2025-09-10 17:39:53] Done
[2025-09-10 17:44:31] Start cancel_expired_deposits (expire=30m)
[2025-09-10 17:44:31] Canceled pending deposits: 0
[2025-09-10 17:44:31] Pending deposits remaining: 0
[2025-09-10 17:44:31] Done
[2025-09-10 17:54:53] Start cancel_expired_deposits (expire=30m)
[2025-09-10 17:54:53] Canceled pending deposits: 0
[2025-09-10 17:54:53] Pending deposits remaining: 0
[2025-09-10 17:54:53] Done
[2025-09-10 17:59:31] Start cancel_expired_deposits (expire=30m)
[2025-09-10 17:59:31] Canceled pending deposits: 0
[2025-09-10 17:59:31] Pending deposits remaining: 0
[2025-09-10 17:59:31] Done
[2025-09-10 18:09:53] Start cancel_expired_deposits (expire=30m)
[2025-09-10 18:09:53] Canceled pending deposits: 0
[2025-09-10 18:09:53] Pending deposits remaining: 0
[2025-09-10 18:09:53] Done
[2025-09-10 18:14:31] Start cancel_expired_deposits (expire=30m)
[2025-09-10 18:14:31] Canceled pending deposits: 0
[2025-09-10 18:14:31] Pending deposits remaining: 0
[2025-09-10 18:14:31] Done
[2025-09-10 18:24:53] Start cancel_expired_deposits (expire=30m)
[2025-09-10 18:24:53] Canceled pending deposits: 0
[2025-09-10 18:24:53] Pending deposits remaining: 0
[2025-09-10 18:24:53] Done
[2025-09-10 18:29:30] Start cancel_expired_deposits (expire=30m)
[2025-09-10 18:29:30] Canceled pending deposits: 0
[2025-09-10 18:29:30] Pending deposits remaining: 0
[2025-09-10 18:29:30] Done
[2025-09-10 18:39:53] Start cancel_expired_deposits (expire=30m)
[2025-09-10 18:39:53] Canceled pending deposits: 0
[2025-09-10 18:39:53] Pending deposits remaining: 0
[2025-09-10 18:39:53] Done
[2025-09-10 18:48:32] Start cancel_expired_deposits (expire=30m)
[2025-09-10 18:48:32] Canceled pending deposits: 0
[2025-09-10 18:48:32] Pending deposits remaining: 0
[2025-09-10 18:48:32] Done
[2025-09-10 18:54:53] Start cancel_expired_deposits (expire=30m)
[2025-09-10 18:54:53] Canceled pending deposits: 0
[2025-09-10 18:54:53] Pending deposits remaining: 0
[2025-09-10 18:54:53] Done
[2025-09-10 18:59:31] Start cancel_expired_deposits (expire=30m)
[2025-09-10 18:59:31] Canceled pending deposits: 0
[2025-09-10 18:59:31] Pending deposits remaining: 0
[2025-09-10 18:59:31] Done
[2025-09-10 19:09:53] Start cancel_expired_deposits (expire=30m)
[2025-09-10 19:09:53] Canceled pending deposits: 0
[2025-09-10 19:09:53] Pending deposits remaining: 0
[2025-09-10 19:09:53] Done
[2025-09-10 19:14:31] Start cancel_expired_deposits (expire=30m)
[2025-09-10 19:14:31] Canceled pending deposits: 0
[2025-09-10 19:14:31] Pending deposits remaining: 0
[2025-09-10 19:14:31] Done
[2025-09-10 19:24:53] Start cancel_expired_deposits (expire=30m)
[2025-09-10 19:24:53] Canceled pending deposits: 0
[2025-09-10 19:24:53] Pending deposits remaining: 0
[2025-09-10 19:24:53] Done
[2025-09-10 19:29:30] Start cancel_expired_deposits (expire=30m)
[2025-09-10 19:29:30] Canceled pending deposits: 0
[2025-09-10 19:29:30] Pending deposits remaining: 0
[2025-09-10 19:29:30] Done
[2025-09-10 19:39:53] Start cancel_expired_deposits (expire=30m)
[2025-09-10 19:39:53] Canceled pending deposits: 0
[2025-09-10 19:39:53] Pending deposits remaining: 0
[2025-09-10 19:39:53] Done
[2025-09-10 19:44:30] Start cancel_expired_deposits (expire=30m)
[2025-09-10 19:44:30] Canceled pending deposits: 0
[2025-09-10 19:44:30] Pending deposits remaining: 0
[2025-09-10 19:44:30] Done
[2025-09-10 19:54:53] Start cancel_expired_deposits (expire=30m)
[2025-09-10 19:54:53] Canceled pending deposits: 0
[2025-09-10 19:54:53] Pending deposits remaining: 0
[2025-09-10 19:54:53] Done
[2025-09-10 19:59:31] Start cancel_expired_deposits (expire=30m)
[2025-09-10 19:59:31] Canceled pending deposits: 0
[2025-09-10 19:59:31] Pending deposits remaining: 0
[2025-09-10 19:59:31] Done
[2025-09-10 20:09:53] Start cancel_expired_deposits (expire=30m)
[2025-09-10 20:09:53] Canceled pending deposits: 0
[2025-09-10 20:09:53] Pending deposits remaining: 0
[2025-09-10 20:09:53] Done
[2025-09-10 20:14:31] Start cancel_expired_deposits (expire=30m)
[2025-09-10 20:14:31] Canceled pending deposits: 0
[2025-09-10 20:14:31] Pending deposits remaining: 0
[2025-09-10 20:14:31] Done
[2025-09-10 20:24:53] Start cancel_expired_deposits (expire=30m)
[2025-09-10 20:24:53] Canceled pending deposits: 0
[2025-09-10 20:24:53] Pending deposits remaining: 0
[2025-09-10 20:24:53] Done
[2025-09-10 20:29:30] Start cancel_expired_deposits (expire=30m)
[2025-09-10 20:29:30] Canceled pending deposits: 0
[2025-09-10 20:29:30] Pending deposits remaining: 0
[2025-09-10 20:29:30] Done
[2025-09-10 20:39:53] Start cancel_expired_deposits (expire=30m)
[2025-09-10 20:39:53] Canceled pending deposits: 0
[2025-09-10 20:39:53] Pending deposits remaining: 0
[2025-09-10 20:39:53] Done
[2025-09-10 20:44:30] Start cancel_expired_deposits (expire=30m)
[2025-09-10 20:44:30] Canceled pending deposits: 0
[2025-09-10 20:44:30] Pending deposits remaining: 0
[2025-09-10 20:44:30] Done
[2025-09-10 20:54:53] Start cancel_expired_deposits (expire=30m)
[2025-09-10 20:54:53] Canceled pending deposits: 0
[2025-09-10 20:54:53] Pending deposits remaining: 0
[2025-09-10 20:54:53] Done
[2025-09-10 20:59:31] Start cancel_expired_deposits (expire=30m)
[2025-09-10 20:59:31] Canceled pending deposits: 0
[2025-09-10 20:59:31] Pending deposits remaining: 0
[2025-09-10 20:59:31] Done
[2025-09-10 21:17:42] Start cancel_expired_deposits (expire=30m)
[2025-09-10 21:17:42] Canceled pending deposits: 0
[2025-09-10 21:17:42] Pending deposits remaining: 0
[2025-09-10 21:17:42] Done
[2025-09-10 21:24:53] Start cancel_expired_deposits (expire=30m)
[2025-09-10 21:24:53] Canceled pending deposits: 0
[2025-09-10 21:24:53] Pending deposits remaining: 0
[2025-09-10 21:24:53] Done
[2025-09-10 21:29:30] Start cancel_expired_deposits (expire=30m)
[2025-09-10 21:29:30] Canceled pending deposits: 0
[2025-09-10 21:29:30] Pending deposits remaining: 0
[2025-09-10 21:29:30] Done
[2025-09-10 21:39:53] Start cancel_expired_deposits (expire=30m)
[2025-09-10 21:39:53] Canceled pending deposits: 0
[2025-09-10 21:39:53] Pending deposits remaining: 0
[2025-09-10 21:39:53] Done
[2025-09-10 21:44:31] Start cancel_expired_deposits (expire=30m)
[2025-09-10 21:44:31] Canceled pending deposits: 0
[2025-09-10 21:44:31] Pending deposits remaining: 0
[2025-09-10 21:44:31] Done
[2025-09-10 21:54:53] Start cancel_expired_deposits (expire=30m)
[2025-09-10 21:54:53] Canceled pending deposits: 0
[2025-09-10 21:54:53] Pending deposits remaining: 0
[2025-09-10 21:54:53] Done
[2025-09-10 21:59:31] Start cancel_expired_deposits (expire=30m)
[2025-09-10 21:59:31] Canceled pending deposits: 0
[2025-09-10 21:59:31] Pending deposits remaining: 0
[2025-09-10 21:59:31] Done
[2025-09-10 22:09:53] Start cancel_expired_deposits (expire=30m)
[2025-09-10 22:09:53] Canceled pending deposits: 0
[2025-09-10 22:09:53] Pending deposits remaining: 0
[2025-09-10 22:09:53] Done
[2025-09-10 22:14:31] Start cancel_expired_deposits (expire=30m)
[2025-09-10 22:14:31] Canceled pending deposits: 0
[2025-09-10 22:14:31] Pending deposits remaining: 0
[2025-09-10 22:14:31] Done
Kết nối thất bại. Vui lòng kiểm tra log server.Kết nối thất bại. Vui lòng kiểm tra log server.Kết nối thất bại. Vui lòng kiểm tra log server.Kết nối thất bại. Vui lòng kiểm tra log server.