Kết nối thất bại. Vui lòng kiểm tra log server.[2025-09-07 16:39:53] Start cancel_expired_deposits (expire=30m)
[2025-09-07 16:39:53] Canceled pending deposits: 0
[2025-09-07 16:39:53] Pending deposits remaining: 0
[2025-09-07 16:39:53] Done
[2025-09-07 16:54:53] Start cancel_expired_deposits (expire=30m)
[2025-09-07 16:54:53] Canceled pending deposits: 0
[2025-09-07 16:54:53] Pending deposits remaining: 0
[2025-09-07 16:54:53] Done
[2025-09-07 17:09:53] Start cancel_expired_deposits (expire=30m)
[2025-09-07 17:09:53] Canceled pending deposits: 0
[2025-09-07 17:09:53] Pending deposits remaining: 0
[2025-09-07 17:09:53] Done
[2025-09-07 17:24:53] Start cancel_expired_deposits (expire=30m)
[2025-09-07 17:24:53] Canceled pending deposits: 0
[2025-09-07 17:24:53] Pending deposits remaining: 0
[2025-09-07 17:24:53] Done
[2025-09-07 17:39:53] Start cancel_expired_deposits (expire=30m)
[2025-09-07 17:39:53] Canceled pending deposits: 0
[2025-09-07 17:39:53] Pending deposits remaining: 0
[2025-09-07 17:39:53] Done
[2025-09-07 17:57:23] Start cancel_expired_deposits (expire=30m)
[2025-09-07 17:57:23] Canceled pending deposits: 0
[2025-09-07 17:57:23] Pending deposits remaining: 0
[2025-09-07 17:57:23] Done
[2025-09-07 18:09:53] Start cancel_expired_deposits (expire=30m)
[2025-09-07 18:09:53] Canceled pending deposits: 0
[2025-09-07 18:09:53] Pending deposits remaining: 0
[2025-09-07 18:09:53] Done
[2025-09-07 18:24:53] Start cancel_expired_deposits (expire=30m)
[2025-09-07 18:24:53] Canceled pending deposits: 0
[2025-09-07 18:24:53] Pending deposits remaining: 0
[2025-09-07 18:24:53] Done
[2025-09-07 18:39:53] Start cancel_expired_deposits (expire=30m)
[2025-09-07 18:39:53] Canceled pending deposits: 0
[2025-09-07 18:39:53] Pending deposits remaining: 0
[2025-09-07 18:39:53] Done
[2025-09-07 18:54:53] Start cancel_expired_deposits (expire=30m)
[2025-09-07 18:54:53] Canceled pending deposits: 0
[2025-09-07 18:54:53] Pending deposits remaining: 0
[2025-09-07 18:54:53] Done
[2025-09-07 19:09:53] Start cancel_expired_deposits (expire=30m)
[2025-09-07 19:09:53] Canceled pending deposits: 0
[2025-09-07 19:09:53] Pending deposits remaining: 0
[2025-09-07 19:09:53] Done
[2025-09-07 19:24:53] Start cancel_expired_deposits (expire=30m)
[2025-09-07 19:24:53] Canceled pending deposits: 0
[2025-09-07 19:24:53] Pending deposits remaining: 0
[2025-09-07 19:24:53] Done
[2025-09-07 19:39:53] Start cancel_expired_deposits (expire=30m)
[2025-09-07 19:39:53] Canceled pending deposits: 0
[2025-09-07 19:39:53] Pending deposits remaining: 0
[2025-09-07 19:39:53] Done
[2025-09-07 19:54:53] Start cancel_expired_deposits (expire=30m)
[2025-09-07 19:54:53] Canceled pending deposits: 0
[2025-09-07 19:54:53] Pending deposits remaining: 0
[2025-09-07 19:54:53] Done
[2025-09-07 20:09:53] Start cancel_expired_deposits (expire=30m)
[2025-09-07 20:09:53] Canceled pending deposits: 0
[2025-09-07 20:09:53] Pending deposits remaining: 0
[2025-09-07 20:09:53] Done
[2025-09-07 20:24:53] Start cancel_expired_deposits (expire=30m)
[2025-09-07 20:24:53] Canceled pending deposits: 0
[2025-09-07 20:24:53] Pending deposits remaining: 0
[2025-09-07 20:24:53] Done
[2025-09-07 20:39:53] Start cancel_expired_deposits (expire=30m)
[2025-09-07 20:39:53] Canceled pending deposits: 0
[2025-09-07 20:39:53] Pending deposits remaining: 0
[2025-09-07 20:39:53] Done
[2025-09-07 21:20:08] Start cancel_expired_deposits (expire=30m)
[2025-09-07 21:20:08] Canceled pending deposits: 0
[2025-09-07 21:20:08] Pending deposits remaining: 0
[2025-09-07 21:20:08] Done
[2025-09-07 21:24:53] Start cancel_expired_deposits (expire=30m)
[2025-09-07 21:24:53] Canceled pending deposits: 0
[2025-09-07 21:24:53] Pending deposits remaining: 0
[2025-09-07 21:24:53] Done
[2025-09-07 21:39:53] Start cancel_expired_deposits (expire=30m)
[2025-09-07 21:39:53] Canceled pending deposits: 0
[2025-09-07 21:39:53] Pending deposits remaining: 0
[2025-09-07 21:39:53] Done
[2025-09-07 21:54:53] Start cancel_expired_deposits (expire=30m)
[2025-09-07 21:54:53] Canceled pending deposits: 0
[2025-09-07 21:54:53] Pending deposits remaining: 0
[2025-09-07 21:54:53] Done
[2025-09-07 22:09:53] Start cancel_expired_deposits (expire=30m)
[2025-09-07 22:09:53] Canceled pending deposits: 0
[2025-09-07 22:09:53] Pending deposits remaining: 0
[2025-09-07 22:09:53] Done
