Kết nối thất bại. Vui lòng kiểm tra log server.[2025-09-16 16:39:53] Start cancel_expired_deposits (expire=30m)
[2025-09-16 16:39:53] Canceled pending deposits: 0
[2025-09-16 16:39:53] Pending deposits remaining: 0
[2025-09-16 16:39:53] Done
[2025-09-16 16:54:53] Start cancel_expired_deposits (expire=30m)
[2025-09-16 16:54:53] Canceled pending deposits: 0
[2025-09-16 16:54:53] Pending deposits remaining: 0
[2025-09-16 16:54:53] Done
[2025-09-16 17:09:53] Start cancel_expired_deposits (expire=30m)
[2025-09-16 17:09:53] Canceled pending deposits: 0
[2025-09-16 17:09:53] Pending deposits remaining: 0
[2025-09-16 17:09:53] Done
Kết nối thất bại. Vui lòng kiểm tra log server.[2025-09-16 21:09:53] Start cancel_expired_deposits (expire=30m)
[2025-09-16 21:09:53] Canceled pending deposits: 0
[2025-09-16 21:09:53] Pending deposits remaining: 0
[2025-09-16 21:09:53] Done
[2025-09-16 21:46:23] Start cancel_expired_deposits (expire=30m)
[2025-09-16 21:46:23] Canceled pending deposits: 0
[2025-09-16 21:46:23] Pending deposits remaining: 0
[2025-09-16 21:46:23] Done
