[2025-09-04 19:19:53] Start cancel_expired_deposits (expire=30m)
[2025-09-04 19:19:53] Canceled pending deposits: 0
[2025-09-04 19:19:53] Pending deposits remaining: 0
[2025-09-04 19:19:53] Done
[2025-09-04 19:24:15] Start cancel_expired_deposits (expire=30m)
[2025-09-04 19:24:15] Canceled pending deposits: 0
[2025-09-04 19:24:15] Pending deposits remaining: 0
[2025-09-04 19:24:15] Done
[2025-09-04 19:24:53] Start cancel_expired_deposits (expire=30m)
[2025-09-04 19:24:53] Canceled pending deposits: 0
[2025-09-04 19:24:53] Pending deposits remaining: 0
[2025-09-04 19:24:53] Done
[2025-09-04 19:45:03] Start cancel_expired_deposits (expire=30m)
[2025-09-04 19:45:03] Canceled pending deposits: 0
[2025-09-04 19:45:03] Pending deposits remaining: 0
[2025-09-04 19:45:03] Done
Kết nối thất bại. Vui lòng kiểm tra log server.[2025-09-04 21:39:53] Start cancel_expired_deposits (expire=30m)
[2025-09-04 21:39:53] Canceled pending deposits: 0
[2025-09-04 21:39:53] Pending deposits remaining: 0
[2025-09-04 21:39:53] Done
